{"C:\\Users\\josef\\Desktop\\gestion-encomiendas\\backend\\src\\controllers\\encomiendaController.js": {"path":"C:\\Users\\josef\\Desktop\\gestion-encomiendas\\backend\\src\\controllers\\encomiendaController.js","statementMap":{"0":{"start":{"line":1,"column":19},"end":{"line":1,"column":50}},"1":{"start":{"line":2,"column":13},"end":{"line":2,"column":38}},"2":{"start":{"line":8,"column":2},"end":{"line":8,"column":14}},"3":{"start":{"line":12,"column":0},"end":{"line":148,"column":2}},"4":{"start":{"line":13,"column":2},"end":{"line":147,"column":3}},"5":{"start":{"line":14,"column":4},"end":{"line":14,"column":60}},"6":{"start":{"line":15,"column":4},"end":{"line":15,"column":41}},"7":{"start":{"line":16,"column":4},"end":{"line":16,"column":44}},"8":{"start":{"line":17,"column":67},"end":{"line":17,"column":75}},"9":{"start":{"line":20,"column":4},"end":{"line":26,"column":5}},"10":{"start":{"line":21,"column":6},"end":{"line":21,"column":73}},"11":{"start":{"line":22,"column":6},"end":{"line":25,"column":9}},"12":{"start":{"line":29,"column":28},"end":{"line":29,"column":65}},"13":{"start":{"line":30,"column":4},"end":{"line":36,"column":5}},"14":{"start":{"line":31,"column":6},"end":{"line":31,"column":54}},"15":{"start":{"line":32,"column":6},"end":{"line":35,"column":9}},"16":{"start":{"line":39,"column":4},"end":{"line":45,"column":5}},"17":{"start":{"line":40,"column":6},"end":{"line":40,"column":59}},"18":{"start":{"line":41,"column":6},"end":{"line":44,"column":9}},"19":{"start":{"line":47,"column":4},"end":{"line":47,"column":50}},"20":{"start":{"line":50,"column":22},"end":{"line":50,"column":28}},"21":{"start":{"line":51,"column":4},"end":{"line":77,"column":5}},"22":{"start":{"line":52,"column":8},"end":{"line":52,"column":79}},"23":{"start":{"line":53,"column":21},"end":{"line":53,"column":26}},"24":{"start":{"line":54,"column":23},"end":{"line":54,"column":24}},"25":{"start":{"line":55,"column":8},"end":{"line":66,"column":9}},"26":{"start":{"line":56,"column":33},"end":{"line":56,"column":90}},"27":{"start":{"line":57,"column":30},"end":{"line":57,"column":51}},"28":{"start":{"line":60,"column":29},"end":{"line":60,"column":76}},"29":{"start":{"line":61,"column":12},"end":{"line":64,"column":13}},"30":{"start":{"line":62,"column":16},"end":{"line":62,"column":40}},"31":{"start":{"line":63,"column":16},"end":{"line":63,"column":30}},"32":{"start":{"line":65,"column":12},"end":{"line":65,"column":23}},"33":{"start":{"line":67,"column":8},"end":{"line":73,"column":9}},"34":{"start":{"line":68,"column":12},"end":{"line":68,"column":101}},"35":{"start":{"line":69,"column":12},"end":{"line":72,"column":15}},"36":{"start":{"line":74,"column":8},"end":{"line":74,"column":59}},"37":{"start":{"line":76,"column":8},"end":{"line":76,"column":65}},"38":{"start":{"line":81,"column":29},"end":{"line":81,"column":34}},"39":{"start":{"line":82,"column":18},"end":{"line":82,"column":19}},"40":{"start":{"line":83,"column":4},"end":{"line":93,"column":5}},"41":{"start":{"line":84,"column":35},"end":{"line":84,"column":92}},"42":{"start":{"line":85,"column":32},"end":{"line":85,"column":59}},"43":{"start":{"line":87,"column":31},"end":{"line":87,"column":90}},"44":{"start":{"line":88,"column":8},"end":{"line":91,"column":9}},"45":{"start":{"line":89,"column":12},"end":{"line":89,"column":48}},"46":{"start":{"line":90,"column":12},"end":{"line":90,"column":38}},"47":{"start":{"line":92,"column":8},"end":{"line":92,"column":18}},"48":{"start":{"line":94,"column":4},"end":{"line":100,"column":5}},"49":{"start":{"line":95,"column":8},"end":{"line":95,"column":89}},"50":{"start":{"line":96,"column":8},"end":{"line":99,"column":11}},"51":{"start":{"line":101,"column":4},"end":{"line":101,"column":71}},"52":{"start":{"line":104,"column":23},"end":{"line":113,"column":6}},"53":{"start":{"line":115,"column":4},"end":{"line":115,"column":63}},"54":{"start":{"line":116,"column":4},"end":{"line":116,"column":61}},"55":{"start":{"line":119,"column":31},"end":{"line":119,"column":54}},"56":{"start":{"line":120,"column":4},"end":{"line":120,"column":73}},"57":{"start":{"line":123,"column":20},"end":{"line":123,"column":56}},"58":{"start":{"line":124,"column":4},"end":{"line":126,"column":5}},"59":{"start":{"line":125,"column":6},"end":{"line":125,"column":110}},"60":{"start":{"line":129,"column":4},"end":{"line":133,"column":5}},"61":{"start":{"line":130,"column":6},"end":{"line":130,"column":89}},"62":{"start":{"line":132,"column":6},"end":{"line":132,"column":95}},"63":{"start":{"line":135,"column":4},"end":{"line":138,"column":7}},"64":{"start":{"line":140,"column":4},"end":{"line":140,"column":69}},"65":{"start":{"line":141,"column":4},"end":{"line":141,"column":57}},"66":{"start":{"line":142,"column":4},"end":{"line":146,"column":7}},"67":{"start":{"line":151,"column":0},"end":{"line":159,"column":2}},"68":{"start":{"line":152,"column":2},"end":{"line":158,"column":3}},"69":{"start":{"line":153,"column":24},"end":{"line":153,"column":75}},"70":{"start":{"line":154,"column":4},"end":{"line":154,"column":26}},"71":{"start":{"line":156,"column":4},"end":{"line":156,"column":58}},"72":{"start":{"line":157,"column":4},"end":{"line":157,"column":74}},"73":{"start":{"line":162,"column":0},"end":{"line":226,"column":2}},"74":{"start":{"line":163,"column":2},"end":{"line":225,"column":3}},"75":{"start":{"line":164,"column":23},"end":{"line":164,"column":33}},"76":{"start":{"line":165,"column":52},"end":{"line":165,"column":61}},"77":{"start":{"line":167,"column":4},"end":{"line":167,"column":63}},"78":{"start":{"line":168,"column":4},"end":{"line":168,"column":35}},"79":{"start":{"line":169,"column":4},"end":{"line":169,"column":35}},"80":{"start":{"line":170,"column":4},"end":{"line":170,"column":31}},"81":{"start":{"line":171,"column":4},"end":{"line":171,"column":45}},"82":{"start":{"line":172,"column":4},"end":{"line":172,"column":39}},"83":{"start":{"line":175,"column":20},"end":{"line":175,"column":47}},"84":{"start":{"line":176,"column":4},"end":{"line":179,"column":5}},"85":{"start":{"line":177,"column":6},"end":{"line":177,"column":59}},"86":{"start":{"line":178,"column":6},"end":{"line":178,"column":72}},"87":{"start":{"line":181,"column":4},"end":{"line":185,"column":7}},"88":{"start":{"line":188,"column":18},"end":{"line":190,"column":5}},"89":{"start":{"line":193,"column":4},"end":{"line":195,"column":5}},"90":{"start":{"line":194,"column":6},"end":{"line":194,"column":28}},"91":{"start":{"line":198,"column":4},"end":{"line":200,"column":5}},"92":{"start":{"line":199,"column":8},"end":{"line":199,"column":26}},"93":{"start":{"line":203,"column":4},"end":{"line":213,"column":5}},"94":{"start":{"line":204,"column":8},"end":{"line":204,"column":32}},"95":{"start":{"line":205,"column":8},"end":{"line":207,"column":9}},"96":{"start":{"line":206,"column":12},"end":{"line":206,"column":60}},"97":{"start":{"line":208,"column":8},"end":{"line":212,"column":9}},"98":{"start":{"line":209,"column":29},"end":{"line":209,"column":47}},"99":{"start":{"line":210,"column":12},"end":{"line":210,"column":47}},"100":{"start":{"line":211,"column":12},"end":{"line":211,"column":47}},"101":{"start":{"line":215,"column":4},"end":{"line":215,"column":44}},"102":{"start":{"line":217,"column":24},"end":{"line":217,"column":80}},"103":{"start":{"line":218,"column":4},"end":{"line":218,"column":78}},"104":{"start":{"line":219,"column":4},"end":{"line":219,"column":68}},"105":{"start":{"line":221,"column":4},"end":{"line":221,"column":26}},"106":{"start":{"line":223,"column":4},"end":{"line":223,"column":70}},"107":{"start":{"line":224,"column":4},"end":{"line":224,"column":86}},"108":{"start":{"line":229,"column":0},"end":{"line":255,"column":2}},"109":{"start":{"line":230,"column":2},"end":{"line":254,"column":3}},"110":{"start":{"line":231,"column":23},"end":{"line":231,"column":33}},"111":{"start":{"line":232,"column":4},"end":{"line":232,"column":99}},"112":{"start":{"line":233,"column":20},"end":{"line":233,"column":47}},"113":{"start":{"line":235,"column":4},"end":{"line":238,"column":5}},"114":{"start":{"line":236,"column":6},"end":{"line":236,"column":71}},"115":{"start":{"line":237,"column":6},"end":{"line":237,"column":72}},"116":{"start":{"line":240,"column":24},"end":{"line":244,"column":20}},"117":{"start":{"line":246,"column":4},"end":{"line":246,"column":166}},"118":{"start":{"line":246,"column":145},"end":{"line":246,"column":150}},"119":{"start":{"line":247,"column":4},"end":{"line":250,"column":7}},"120":{"start":{"line":252,"column":4},"end":{"line":252,"column":70}},"121":{"start":{"line":253,"column":4},"end":{"line":253,"column":82}},"122":{"start":{"line":258,"column":0},"end":{"line":279,"column":2}},"123":{"start":{"line":259,"column":2},"end":{"line":278,"column":3}},"124":{"start":{"line":260,"column":30},"end":{"line":260,"column":38}},"125":{"start":{"line":261,"column":4},"end":{"line":261,"column":105}},"126":{"start":{"line":263,"column":4},"end":{"line":266,"column":5}},"127":{"start":{"line":264,"column":6},"end":{"line":264,"column":94}},"128":{"start":{"line":265,"column":6},"end":{"line":265,"column":84}},"129":{"start":{"line":268,"column":25},"end":{"line":271,"column":5}},"130":{"start":{"line":273,"column":4},"end":{"line":273,"column":152}},"131":{"start":{"line":274,"column":4},"end":{"line":274,"column":94}},"132":{"start":{"line":276,"column":4},"end":{"line":276,"column":71}},"133":{"start":{"line":277,"column":4},"end":{"line":277,"column":83}},"134":{"start":{"line":282,"column":0},"end":{"line":312,"column":2}},"135":{"start":{"line":283,"column":2},"end":{"line":311,"column":3}},"136":{"start":{"line":284,"column":23},"end":{"line":284,"column":33}},"137":{"start":{"line":285,"column":20},"end":{"line":285,"column":47}},"138":{"start":{"line":287,"column":4},"end":{"line":289,"column":5}},"139":{"start":{"line":288,"column":6},"end":{"line":288,"column":72}},"140":{"start":{"line":291,"column":26},"end":{"line":291,"column":62}},"141":{"start":{"line":293,"column":24},"end":{"line":302,"column":20}},"142":{"start":{"line":304,"column":4},"end":{"line":307,"column":7}},"143":{"start":{"line":309,"column":4},"end":{"line":309,"column":75}},"144":{"start":{"line":310,"column":4},"end":{"line":310,"column":87}},"145":{"start":{"line":315,"column":0},"end":{"line":330,"column":2}},"146":{"start":{"line":316,"column":2},"end":{"line":329,"column":3}},"147":{"start":{"line":317,"column":19},"end":{"line":317,"column":29}},"148":{"start":{"line":319,"column":4},"end":{"line":323,"column":6}},"149":{"start":{"line":325,"column":4},"end":{"line":325,"column":87}},"150":{"start":{"line":327,"column":4},"end":{"line":327,"column":68}},"151":{"start":{"line":328,"column":4},"end":{"line":328,"column":80}},"152":{"start":{"line":333,"column":0},"end":{"line":365,"column":2}},"153":{"start":{"line":334,"column":2},"end":{"line":364,"column":3}},"154":{"start":{"line":335,"column":19},"end":{"line":335,"column":29}},"155":{"start":{"line":336,"column":23},"end":{"line":336,"column":52}},"156":{"start":{"line":338,"column":4},"end":{"line":340,"column":5}},"157":{"start":{"line":339,"column":6},"end":{"line":339,"column":75}},"158":{"start":{"line":342,"column":4},"end":{"line":342,"column":35}},"159":{"start":{"line":343,"column":4},"end":{"line":343,"column":40}},"160":{"start":{"line":346,"column":18},"end":{"line":346,"column":22}},"161":{"start":{"line":347,"column":4},"end":{"line":351,"column":5}},"162":{"start":{"line":348,"column":6},"end":{"line":348,"column":56}},"163":{"start":{"line":350,"column":6},"end":{"line":350,"column":78}},"164":{"start":{"line":352,"column":4},"end":{"line":356,"column":5}},"165":{"start":{"line":353,"column":6},"end":{"line":353,"column":84}},"166":{"start":{"line":355,"column":6},"end":{"line":355,"column":45}},"167":{"start":{"line":358,"column":4},"end":{"line":358,"column":28}},"168":{"start":{"line":360,"column":4},"end":{"line":360,"column":25}},"169":{"start":{"line":362,"column":4},"end":{"line":362,"column":70}},"170":{"start":{"line":363,"column":4},"end":{"line":363,"column":75}},"171":{"start":{"line":368,"column":0},"end":{"line":412,"column":2}},"172":{"start":{"line":369,"column":2},"end":{"line":411,"column":3}},"173":{"start":{"line":370,"column":60},"end":{"line":370,"column":69}},"174":{"start":{"line":373,"column":19},"end":{"line":373,"column":21}},"175":{"start":{"line":375,"column":4},"end":{"line":377,"column":5}},"176":{"start":{"line":376,"column":6},"end":{"line":376,"column":29}},"177":{"start":{"line":379,"column":4},"end":{"line":381,"column":5}},"178":{"start":{"line":380,"column":6},"end":{"line":380,"column":41}},"179":{"start":{"line":383,"column":4},"end":{"line":396,"column":5}},"180":{"start":{"line":384,"column":6},"end":{"line":384,"column":32}},"181":{"start":{"line":386,"column":6},"end":{"line":388,"column":7}},"182":{"start":{"line":387,"column":8},"end":{"line":387,"column":58}},"183":{"start":{"line":390,"column":6},"end":{"line":395,"column":7}},"184":{"start":{"line":392,"column":33},"end":{"line":392,"column":51}},"185":{"start":{"line":393,"column":8},"end":{"line":393,"column":51}},"186":{"start":{"line":394,"column":8},"end":{"line":394,"column":53}},"187":{"start":{"line":398,"column":24},"end":{"line":398,"column":81}},"188":{"start":{"line":400,"column":4},"end":{"line":403,"column":7}},"189":{"start":{"line":405,"column":4},"end":{"line":405,"column":58}},"190":{"start":{"line":406,"column":4},"end":{"line":410,"column":7}},"191":{"start":{"line":415,"column":0},"end":{"line":460,"column":2}},"192":{"start":{"line":416,"column":2},"end":{"line":459,"column":3}},"193":{"start":{"line":417,"column":19},"end":{"line":417,"column":29}},"194":{"start":{"line":418,"column":23},"end":{"line":418,"column":31}},"195":{"start":{"line":420,"column":4},"end":{"line":425,"column":5}},"196":{"start":{"line":421,"column":6},"end":{"line":424,"column":9}},"197":{"start":{"line":427,"column":23},"end":{"line":427,"column":33}},"198":{"start":{"line":430,"column":4},"end":{"line":432,"column":5}},"199":{"start":{"line":431,"column":6},"end":{"line":431,"column":43}},"200":{"start":{"line":434,"column":23},"end":{"line":438,"column":5}},"201":{"start":{"line":440,"column":4},"end":{"line":445,"column":5}},"202":{"start":{"line":441,"column":6},"end":{"line":444,"column":9}},"203":{"start":{"line":447,"column":4},"end":{"line":451,"column":7}},"204":{"start":{"line":453,"column":4},"end":{"line":453,"column":60}},"205":{"start":{"line":454,"column":4},"end":{"line":458,"column":7}},"206":{"start":{"line":463,"column":0},"end":{"line":477,"column":2}},"207":{"start":{"line":464,"column":2},"end":{"line":476,"column":3}},"208":{"start":{"line":465,"column":29},"end":{"line":465,"column":39}},"209":{"start":{"line":466,"column":23},"end":{"line":466,"column":93}},"210":{"start":{"line":468,"column":4},"end":{"line":470,"column":5}},"211":{"start":{"line":469,"column":6},"end":{"line":469,"column":101}},"212":{"start":{"line":472,"column":4},"end":{"line":472,"column":37}},"213":{"start":{"line":474,"column":4},"end":{"line":474,"column":77}},"214":{"start":{"line":475,"column":4},"end":{"line":475,"column":72}},"215":{"start":{"line":480,"column":0},"end":{"line":480,"column":54}}},"fnMap":{"0":{"name":"sendNotificacionAlResidente","decl":{"start":{"line":5,"column":15},"end":{"line":5,"column":42}},"loc":{"start":{"line":5,"column":64},"end":{"line":9,"column":1}},"line":5},"1":{"name":"(anonymous_1)","decl":{"start":{"line":12,"column":30},"end":{"line":12,"column":31}},"loc":{"start":{"line":12,"column":50},"end":{"line":148,"column":1}},"line":12},"2":{"name":"(anonymous_2)","decl":{"start":{"line":151,"column":29},"end":{"line":151,"column":30}},"loc":{"start":{"line":151,"column":49},"end":{"line":159,"column":1}},"line":151},"3":{"name":"(anonymous_3)","decl":{"start":{"line":162,"column":39},"end":{"line":162,"column":40}},"loc":{"start":{"line":162,"column":59},"end":{"line":226,"column":1}},"line":162},"4":{"name":"(anonymous_4)","decl":{"start":{"line":229,"column":32},"end":{"line":229,"column":33}},"loc":{"start":{"line":229,"column":52},"end":{"line":255,"column":1}},"line":229},"5":{"name":"(anonymous_5)","decl":{"start":{"line":246,"column":140},"end":{"line":246,"column":141}},"loc":{"start":{"line":246,"column":145},"end":{"line":246,"column":150}},"line":246},"6":{"name":"(anonymous_6)","decl":{"start":{"line":258,"column":33},"end":{"line":258,"column":34}},"loc":{"start":{"line":258,"column":53},"end":{"line":279,"column":1}},"line":258},"7":{"name":"(anonymous_7)","decl":{"start":{"line":282,"column":35},"end":{"line":282,"column":36}},"loc":{"start":{"line":282,"column":55},"end":{"line":312,"column":1}},"line":282},"8":{"name":"(anonymous_8)","decl":{"start":{"line":315,"column":33},"end":{"line":315,"column":34}},"loc":{"start":{"line":315,"column":53},"end":{"line":330,"column":1}},"line":315},"9":{"name":"(anonymous_9)","decl":{"start":{"line":333,"column":29},"end":{"line":333,"column":30}},"loc":{"start":{"line":333,"column":49},"end":{"line":365,"column":1}},"line":333},"10":{"name":"(anonymous_10)","decl":{"start":{"line":368,"column":29},"end":{"line":368,"column":30}},"loc":{"start":{"line":368,"column":49},"end":{"line":412,"column":1}},"line":368},"11":{"name":"(anonymous_11)","decl":{"start":{"line":415,"column":31},"end":{"line":415,"column":32}},"loc":{"start":{"line":415,"column":51},"end":{"line":460,"column":1}},"line":415},"12":{"name":"(anonymous_12)","decl":{"start":{"line":463,"column":32},"end":{"line":463,"column":33}},"loc":{"start":{"line":463,"column":52},"end":{"line":477,"column":1}},"line":463}},"branchMap":{"0":{"loc":{"start":{"line":20,"column":4},"end":{"line":26,"column":5}},"type":"if","locations":[{"start":{"line":20,"column":4},"end":{"line":26,"column":5}},{"start":{},"end":{}}],"line":20},"1":{"loc":{"start":{"line":20,"column":8},"end":{"line":20,"column":30}},"type":"binary-expr","locations":[{"start":{"line":20,"column":8},"end":{"line":20,"column":21}},{"start":{"line":20,"column":25},"end":{"line":20,"column":30}}],"line":20},"2":{"loc":{"start":{"line":30,"column":4},"end":{"line":36,"column":5}},"type":"if","locations":[{"start":{"line":30,"column":4},"end":{"line":36,"column":5}},{"start":{},"end":{}}],"line":30},"3":{"loc":{"start":{"line":39,"column":4},"end":{"line":45,"column":5}},"type":"if","locations":[{"start":{"line":39,"column":4},"end":{"line":45,"column":5}},{"start":{},"end":{}}],"line":39},"4":{"loc":{"start":{"line":51,"column":4},"end":{"line":77,"column":5}},"type":"if","locations":[{"start":{"line":51,"column":4},"end":{"line":77,"column":5}},{"start":{"line":75,"column":11},"end":{"line":77,"column":5}}],"line":51},"5":{"loc":{"start":{"line":51,"column":8},"end":{"line":51,"column":84}},"type":"binary-expr","locations":[{"start":{"line":51,"column":8},"end":{"line":51,"column":20}},{"start":{"line":51,"column":24},"end":{"line":51,"column":55}},{"start":{"line":51,"column":59},"end":{"line":51,"column":84}}],"line":51},"6":{"loc":{"start":{"line":55,"column":15},"end":{"line":55,"column":39}},"type":"binary-expr","locations":[{"start":{"line":55,"column":15},"end":{"line":55,"column":22}},{"start":{"line":55,"column":26},"end":{"line":55,"column":39}}],"line":55},"7":{"loc":{"start":{"line":61,"column":12},"end":{"line":64,"column":13}},"type":"if","locations":[{"start":{"line":61,"column":12},"end":{"line":64,"column":13}},{"start":{},"end":{}}],"line":61},"8":{"loc":{"start":{"line":67,"column":8},"end":{"line":73,"column":9}},"type":"if","locations":[{"start":{"line":67,"column":8},"end":{"line":73,"column":9}},{"start":{},"end":{}}],"line":67},"9":{"loc":{"start":{"line":83,"column":11},"end":{"line":83,"column":46}},"type":"binary-expr","locations":[{"start":{"line":83,"column":11},"end":{"line":83,"column":30}},{"start":{"line":83,"column":34},"end":{"line":83,"column":46}}],"line":83},"10":{"loc":{"start":{"line":88,"column":8},"end":{"line":91,"column":9}},"type":"if","locations":[{"start":{"line":88,"column":8},"end":{"line":91,"column":9}},{"start":{},"end":{}}],"line":88},"11":{"loc":{"start":{"line":94,"column":4},"end":{"line":100,"column":5}},"type":"if","locations":[{"start":{"line":94,"column":4},"end":{"line":100,"column":5}},{"start":{},"end":{}}],"line":94},"12":{"loc":{"start":{"line":107,"column":19},"end":{"line":107,"column":36}},"type":"binary-expr","locations":[{"start":{"line":107,"column":19},"end":{"line":107,"column":30}},{"start":{"line":107,"column":34},"end":{"line":107,"column":36}}],"line":107},"13":{"loc":{"start":{"line":110,"column":17},"end":{"line":110,"column":35}},"type":"binary-expr","locations":[{"start":{"line":110,"column":17},"end":{"line":110,"column":26}},{"start":{"line":110,"column":30},"end":{"line":110,"column":35}}],"line":110},"14":{"loc":{"start":{"line":124,"column":4},"end":{"line":126,"column":5}},"type":"if","locations":[{"start":{"line":124,"column":4},"end":{"line":126,"column":5}},{"start":{},"end":{}}],"line":124},"15":{"loc":{"start":{"line":145,"column":13},"end":{"line":145,"column":79}},"type":"cond-expr","locations":[{"start":{"line":145,"column":54},"end":{"line":145,"column":67}},{"start":{"line":145,"column":70},"end":{"line":145,"column":79}}],"line":145},"16":{"loc":{"start":{"line":176,"column":4},"end":{"line":179,"column":5}},"type":"if","locations":[{"start":{"line":176,"column":4},"end":{"line":179,"column":5}},{"start":{},"end":{}}],"line":176},"17":{"loc":{"start":{"line":193,"column":4},"end":{"line":195,"column":5}},"type":"if","locations":[{"start":{"line":193,"column":4},"end":{"line":195,"column":5}},{"start":{},"end":{}}],"line":193},"18":{"loc":{"start":{"line":193,"column":8},"end":{"line":193,"column":31}},"type":"binary-expr","locations":[{"start":{"line":193,"column":8},"end":{"line":193,"column":14}},{"start":{"line":193,"column":18},"end":{"line":193,"column":31}}],"line":193},"19":{"loc":{"start":{"line":198,"column":4},"end":{"line":200,"column":5}},"type":"if","locations":[{"start":{"line":198,"column":4},"end":{"line":200,"column":5}},{"start":{},"end":{}}],"line":198},"20":{"loc":{"start":{"line":198,"column":8},"end":{"line":198,"column":27}},"type":"binary-expr","locations":[{"start":{"line":198,"column":8},"end":{"line":198,"column":12}},{"start":{"line":198,"column":16},"end":{"line":198,"column":27}}],"line":198},"21":{"loc":{"start":{"line":203,"column":4},"end":{"line":213,"column":5}},"type":"if","locations":[{"start":{"line":203,"column":4},"end":{"line":213,"column":5}},{"start":{},"end":{}}],"line":203},"22":{"loc":{"start":{"line":203,"column":8},"end":{"line":203,"column":31}},"type":"binary-expr","locations":[{"start":{"line":203,"column":8},"end":{"line":203,"column":19}},{"start":{"line":203,"column":23},"end":{"line":203,"column":31}}],"line":203},"23":{"loc":{"start":{"line":205,"column":8},"end":{"line":207,"column":9}},"type":"if","locations":[{"start":{"line":205,"column":8},"end":{"line":207,"column":9}},{"start":{},"end":{}}],"line":205},"24":{"loc":{"start":{"line":208,"column":8},"end":{"line":212,"column":9}},"type":"if","locations":[{"start":{"line":208,"column":8},"end":{"line":212,"column":9}},{"start":{},"end":{}}],"line":208},"25":{"loc":{"start":{"line":235,"column":4},"end":{"line":238,"column":5}},"type":"if","locations":[{"start":{"line":235,"column":4},"end":{"line":238,"column":5}},{"start":{},"end":{}}],"line":235},"26":{"loc":{"start":{"line":263,"column":4},"end":{"line":266,"column":5}},"type":"if","locations":[{"start":{"line":263,"column":4},"end":{"line":266,"column":5}},{"start":{},"end":{}}],"line":263},"27":{"loc":{"start":{"line":263,"column":8},"end":{"line":263,"column":85}},"type":"binary-expr","locations":[{"start":{"line":263,"column":8},"end":{"line":263,"column":22}},{"start":{"line":263,"column":26},"end":{"line":263,"column":55}},{"start":{"line":263,"column":59},"end":{"line":263,"column":85}}],"line":263},"28":{"loc":{"start":{"line":287,"column":4},"end":{"line":289,"column":5}},"type":"if","locations":[{"start":{"line":287,"column":4},"end":{"line":289,"column":5}},{"start":{},"end":{}}],"line":287},"29":{"loc":{"start":{"line":338,"column":4},"end":{"line":340,"column":5}},"type":"if","locations":[{"start":{"line":338,"column":4},"end":{"line":340,"column":5}},{"start":{},"end":{}}],"line":338},"30":{"loc":{"start":{"line":347,"column":4},"end":{"line":351,"column":5}},"type":"if","locations":[{"start":{"line":347,"column":4},"end":{"line":351,"column":5}},{"start":{"line":349,"column":11},"end":{"line":351,"column":5}}],"line":347},"31":{"loc":{"start":{"line":352,"column":4},"end":{"line":356,"column":5}},"type":"if","locations":[{"start":{"line":352,"column":4},"end":{"line":356,"column":5}},{"start":{"line":354,"column":11},"end":{"line":356,"column":5}}],"line":352},"32":{"loc":{"start":{"line":375,"column":4},"end":{"line":377,"column":5}},"type":"if","locations":[{"start":{"line":375,"column":4},"end":{"line":377,"column":5}},{"start":{},"end":{}}],"line":375},"33":{"loc":{"start":{"line":379,"column":4},"end":{"line":381,"column":5}},"type":"if","locations":[{"start":{"line":379,"column":4},"end":{"line":381,"column":5}},{"start":{},"end":{}}],"line":379},"34":{"loc":{"start":{"line":383,"column":4},"end":{"line":396,"column":5}},"type":"if","locations":[{"start":{"line":383,"column":4},"end":{"line":396,"column":5}},{"start":{},"end":{}}],"line":383},"35":{"loc":{"start":{"line":383,"column":8},"end":{"line":383,"column":31}},"type":"binary-expr","locations":[{"start":{"line":383,"column":8},"end":{"line":383,"column":19}},{"start":{"line":383,"column":23},"end":{"line":383,"column":31}}],"line":383},"36":{"loc":{"start":{"line":386,"column":6},"end":{"line":388,"column":7}},"type":"if","locations":[{"start":{"line":386,"column":6},"end":{"line":388,"column":7}},{"start":{},"end":{}}],"line":386},"37":{"loc":{"start":{"line":390,"column":6},"end":{"line":395,"column":7}},"type":"if","locations":[{"start":{"line":390,"column":6},"end":{"line":395,"column":7}},{"start":{},"end":{}}],"line":390},"38":{"loc":{"start":{"line":420,"column":4},"end":{"line":425,"column":5}},"type":"if","locations":[{"start":{"line":420,"column":4},"end":{"line":425,"column":5}},{"start":{},"end":{}}],"line":420},"39":{"loc":{"start":{"line":420,"column":8},"end":{"line":420,"column":63}},"type":"binary-expr","locations":[{"start":{"line":420,"column":8},"end":{"line":420,"column":15}},{"start":{"line":420,"column":19},"end":{"line":420,"column":63}}],"line":420},"40":{"loc":{"start":{"line":430,"column":4},"end":{"line":432,"column":5}},"type":"if","locations":[{"start":{"line":430,"column":4},"end":{"line":432,"column":5}},{"start":{},"end":{}}],"line":430},"41":{"loc":{"start":{"line":440,"column":4},"end":{"line":445,"column":5}},"type":"if","locations":[{"start":{"line":440,"column":4},"end":{"line":445,"column":5}},{"start":{},"end":{}}],"line":440},"42":{"loc":{"start":{"line":468,"column":4},"end":{"line":470,"column":5}},"type":"if","locations":[{"start":{"line":468,"column":4},"end":{"line":470,"column":5}},{"start":{},"end":{}}],"line":468}},"s":{"0":1,"1":1,"2":0,"3":1,"4":5,"5":5,"6":5,"7":5,"8":5,"9":5,"10":1,"11":1,"12":4,"13":4,"14":1,"15":1,"16":3,"17":0,"18":0,"19":3,"20":3,"21":3,"22":3,"23":3,"24":3,"25":3,"26":3,"27":3,"28":3,"29":3,"30":3,"31":3,"32":3,"33":3,"34":0,"35":0,"36":3,"37":0,"38":3,"39":3,"40":3,"41":3,"42":3,"43":3,"44":3,"45":3,"46":3,"47":3,"48":3,"49":0,"50":0,"51":3,"52":3,"53":3,"54":3,"55":3,"56":3,"57":3,"58":3,"59":1,"60":2,"61":2,"62":1,"63":1,"64":0,"65":0,"66":0,"67":1,"68":0,"69":0,"70":0,"71":0,"72":0,"73":1,"74":0,"75":0,"76":0,"77":0,"78":0,"79":0,"80":0,"81":0,"82":0,"83":0,"84":0,"85":0,"86":0,"87":0,"88":0,"89":0,"90":0,"91":0,"92":0,"93":0,"94":0,"95":0,"96":0,"97":0,"98":0,"99":0,"100":0,"101":0,"102":0,"103":0,"104":0,"105":0,"106":0,"107":0,"108":1,"109":0,"110":0,"111":0,"112":0,"113":0,"114":0,"115":0,"116":0,"117":0,"118":0,"119":0,"120":0,"121":0,"122":1,"123":0,"124":0,"125":0,"126":0,"127":0,"128":0,"129":0,"130":0,"131":0,"132":0,"133":0,"134":1,"135":0,"136":0,"137":0,"138":0,"139":0,"140":0,"141":0,"142":0,"143":0,"144":0,"145":1,"146":0,"147":0,"148":0,"149":0,"150":0,"151":0,"152":1,"153":0,"154":0,"155":0,"156":0,"157":0,"158":0,"159":0,"160":0,"161":0,"162":0,"163":0,"164":0,"165":0,"166":0,"167":0,"168":0,"169":0,"170":0,"171":1,"172":0,"173":0,"174":0,"175":0,"176":0,"177":0,"178":0,"179":0,"180":0,"181":0,"182":0,"183":0,"184":0,"185":0,"186":0,"187":0,"188":0,"189":0,"190":0,"191":1,"192":0,"193":0,"194":0,"195":0,"196":0,"197":0,"198":0,"199":0,"200":0,"201":0,"202":0,"203":0,"204":0,"205":0,"206":1,"207":0,"208":0,"209":0,"210":0,"211":0,"212":0,"213":0,"214":0,"215":1},"f":{"0":0,"1":5,"2":0,"3":0,"4":0,"5":0,"6":0,"7":0,"8":0,"9":0,"10":0,"11":0,"12":0},"b":{"0":[1,4],"1":[5,4],"2":[1,3],"3":[0,3],"4":[3,0],"5":[3,0,0],"6":[6,3],"7":[3,0],"8":[0,3],"9":[6,3],"10":[3,0],"11":[0,3],"12":[3,0],"13":[3,3],"14":[1,2],"15":[0,0],"16":[0,0],"17":[0,0],"18":[0,0],"19":[0,0],"20":[0,0],"21":[0,0],"22":[0,0],"23":[0,0],"24":[0,0],"25":[0,0],"26":[0,0],"27":[0,0,0],"28":[0,0],"29":[0,0],"30":[0,0],"31":[0,0],"32":[0,0],"33":[0,0],"34":[0,0],"35":[0,0],"36":[0,0],"37":[0,0],"38":[0,0],"39":[0,0],"40":[0,0],"41":[0,0],"42":[0,0]},"_coverageSchema":"1a1c01bbd47fc00a2c39e90264f33305004495a9","hash":"a2156fc382540c3ec4bdc7f7dc475d521d48618a"}
,"C:\\Users\\josef\\Desktop\\gestion-encomiendas\\backend\\src\\models\\Encomienda.js": {"path":"C:\\Users\\josef\\Desktop\\gestion-encomiendas\\backend\\src\\models\\Encomienda.js","statementMap":{"0":{"start":{"line":1,"column":17},"end":{"line":1,"column":36}},"1":{"start":{"line":3,"column":25},"end":{"line":76,"column":2}},"2":{"start":{"line":78,"column":0},"end":{"line":78,"column":64}}},"fnMap":{},"branchMap":{},"s":{"0":1,"1":1,"2":1},"f":{},"b":{},"_coverageSchema":"1a1c01bbd47fc00a2c39e90264f33305004495a9","hash":"2e5bb168a4d70348263a96cf84fd8e829030993e"}
,"C:\\Users\\josef\\Desktop\\gestion-encomiendas\\backend\\src\\models\\User.js": {"path":"C:\\Users\\josef\\Desktop\\gestion-encomiendas\\backend\\src\\models\\User.js","statementMap":{"0":{"start":{"line":1,"column":17},"end":{"line":1,"column":36}},"1":{"start":{"line":2,"column":15},"end":{"line":2,"column":34}},"2":{"start":{"line":4,"column":19},"end":{"line":34,"column":2}},"3":{"start":{"line":29,"column":12},"end":{"line":29,"column":45}},"4":{"start":{"line":37,"column":0},"end":{"line":47,"column":3}},"5":{"start":{"line":38,"column":4},"end":{"line":38,"column":52}},"6":{"start":{"line":38,"column":38},"end":{"line":38,"column":52}},"7":{"start":{"line":40,"column":4},"end":{"line":46,"column":5}},"8":{"start":{"line":41,"column":21},"end":{"line":41,"column":45}},"9":{"start":{"line":42,"column":8},"end":{"line":42,"column":63}},"10":{"start":{"line":43,"column":8},"end":{"line":43,"column":15}},"11":{"start":{"line":45,"column":8},"end":{"line":45,"column":20}},"12":{"start":{"line":50,"column":0},"end":{"line":52,"column":2}},"13":{"start":{"line":51,"column":4},"end":{"line":51,"column":66}},"14":{"start":{"line":54,"column":0},"end":{"line":54,"column":52}}},"fnMap":{"0":{"name":"(anonymous_0)","decl":{"start":{"line":28,"column":18},"end":{"line":28,"column":19}},"loc":{"start":{"line":28,"column":29},"end":{"line":30,"column":9}},"line":28},"1":{"name":"(anonymous_1)","decl":{"start":{"line":37,"column":23},"end":{"line":37,"column":24}},"loc":{"start":{"line":37,"column":44},"end":{"line":47,"column":1}},"line":37},"2":{"name":"(anonymous_2)","decl":{"start":{"line":50,"column":37},"end":{"line":50,"column":38}},"loc":{"start":{"line":50,"column":71},"end":{"line":52,"column":1}},"line":50}},"branchMap":{"0":{"loc":{"start":{"line":38,"column":4},"end":{"line":38,"column":52}},"type":"if","locations":[{"start":{"line":38,"column":4},"end":{"line":38,"column":52}},{"start":{},"end":{}}],"line":38}},"s":{"0":1,"1":1,"2":1,"3":0,"4":1,"5":0,"6":0,"7":0,"8":0,"9":0,"10":0,"11":0,"12":1,"13":0,"14":1},"f":{"0":0,"1":0,"2":0},"b":{"0":[0,0]},"_coverageSchema":"1a1c01bbd47fc00a2c39e90264f33305004495a9","hash":"8ef3f55212af77fbc7714ade7ba98adf48248b94"}
}
