TN:
SF:src\controllers\encomiendaController.js
FN:5,sendNotificacionAlResidente
FN:12,(anonymous_1)
FN:151,(anonymous_2)
FN:162,(anonymous_3)
FN:229,(anonymous_4)
FN:246,(anonymous_5)
FN:258,(anonymous_6)
FN:282,(anonymous_7)
FN:315,(anonymous_8)
FN:333,(anonymous_9)
FN:368,(anonymous_10)
FN:415,(anonymous_11)
FN:463,(anonymous_12)
FNF:13
FNH:1
FNDA:0,sendNotificacionAlResidente
FNDA:5,(anonymous_1)
FNDA:0,(anonymous_2)
FNDA:0,(anonymous_3)
FNDA:0,(anonymous_4)
FNDA:0,(anonymous_5)
FNDA:0,(anonymous_6)
FNDA:0,(anonymous_7)
FNDA:0,(anonymous_8)
FNDA:0,(anonymous_9)
FNDA:0,(anonymous_10)
FNDA:0,(anonymous_11)
FNDA:0,(anonymous_12)
DA:1,1
DA:2,1
DA:8,0
DA:12,1
DA:13,5
DA:14,5
DA:15,5
DA:16,5
DA:17,5
DA:20,5
DA:21,1
DA:22,1
DA:29,4
DA:30,4
DA:31,1
DA:32,1
DA:39,3
DA:40,0
DA:41,0
DA:47,3
DA:50,3
DA:51,3
DA:52,3
DA:53,3
DA:54,3
DA:55,3
DA:56,3
DA:57,3
DA:60,3
DA:61,3
DA:62,3
DA:63,3
DA:65,3
DA:67,3
DA:68,0
DA:69,0
DA:74,3
DA:76,0
DA:81,3
DA:82,3
DA:83,3
DA:84,3
DA:85,3
DA:87,3
DA:88,3
DA:89,3
DA:90,3
DA:92,3
DA:94,3
DA:95,0
DA:96,0
DA:101,3
DA:104,3
DA:115,3
DA:116,3
DA:119,3
DA:120,3
DA:123,3
DA:124,3
DA:125,1
DA:129,2
DA:130,2
DA:132,1
DA:135,1
DA:140,0
DA:141,0
DA:142,0
DA:151,1
DA:152,0
DA:153,0
DA:154,0
DA:156,0
DA:157,0
DA:162,1
DA:163,0
DA:164,0
DA:165,0
DA:167,0
DA:168,0
DA:169,0
DA:170,0
DA:171,0
DA:172,0
DA:175,0
DA:176,0
DA:177,0
DA:178,0
DA:181,0
DA:188,0
DA:193,0
DA:194,0
DA:198,0
DA:199,0
DA:203,0
DA:204,0
DA:205,0
DA:206,0
DA:208,0
DA:209,0
DA:210,0
DA:211,0
DA:215,0
DA:217,0
DA:218,0
DA:219,0
DA:221,0
DA:223,0
DA:224,0
DA:229,1
DA:230,0
DA:231,0
DA:232,0
DA:233,0
DA:235,0
DA:236,0
DA:237,0
DA:240,0
DA:246,0
DA:247,0
DA:252,0
DA:253,0
DA:258,1
DA:259,0
DA:260,0
DA:261,0
DA:263,0
DA:264,0
DA:265,0
DA:268,0
DA:273,0
DA:274,0
DA:276,0
DA:277,0
DA:282,1
DA:283,0
DA:284,0
DA:285,0
DA:287,0
DA:288,0
DA:291,0
DA:293,0
DA:304,0
DA:309,0
DA:310,0
DA:315,1
DA:316,0
DA:317,0
DA:319,0
DA:325,0
DA:327,0
DA:328,0
DA:333,1
DA:334,0
DA:335,0
DA:336,0
DA:338,0
DA:339,0
DA:342,0
DA:343,0
DA:346,0
DA:347,0
DA:348,0
DA:350,0
DA:352,0
DA:353,0
DA:355,0
DA:358,0
DA:360,0
DA:362,0
DA:363,0
DA:368,1
DA:369,0
DA:370,0
DA:373,0
DA:375,0
DA:376,0
DA:379,0
DA:380,0
DA:383,0
DA:384,0
DA:386,0
DA:387,0
DA:390,0
DA:392,0
DA:393,0
DA:394,0
DA:398,0
DA:400,0
DA:405,0
DA:406,0
DA:415,1
DA:416,0
DA:417,0
DA:418,0
DA:420,0
DA:421,0
DA:427,0
DA:430,0
DA:431,0
DA:434,0
DA:440,0
DA:441,0
DA:447,0
DA:453,0
DA:454,0
DA:463,1
DA:464,0
DA:465,0
DA:466,0
DA:468,0
DA:469,0
DA:472,0
DA:474,0
DA:475,0
DA:480,1
LF:215
LH:67
BRDA:20,0,0,1
BRDA:20,0,1,4
BRDA:20,1,0,5
BRDA:20,1,1,4
BRDA:30,2,0,1
BRDA:30,2,1,3
BRDA:39,3,0,0
BRDA:39,3,1,3
BRDA:51,4,0,3
BRDA:51,4,1,0
BRDA:51,5,0,3
BRDA:51,5,1,0
BRDA:51,5,2,0
BRDA:55,6,0,6
BRDA:55,6,1,3
BRDA:61,7,0,3
BRDA:61,7,1,0
BRDA:67,8,0,0
BRDA:67,8,1,3
BRDA:83,9,0,6
BRDA:83,9,1,3
BRDA:88,10,0,3
BRDA:88,10,1,0
BRDA:94,11,0,0
BRDA:94,11,1,3
BRDA:107,12,0,3
BRDA:107,12,1,0
BRDA:110,13,0,3
BRDA:110,13,1,3
BRDA:124,14,0,1
BRDA:124,14,1,2
BRDA:145,15,0,0
BRDA:145,15,1,0
BRDA:176,16,0,0
BRDA:176,16,1,0
BRDA:193,17,0,0
BRDA:193,17,1,0
BRDA:193,18,0,0
BRDA:193,18,1,0
BRDA:198,19,0,0
BRDA:198,19,1,0
BRDA:198,20,0,0
BRDA:198,20,1,0
BRDA:203,21,0,0
BRDA:203,21,1,0
BRDA:203,22,0,0
BRDA:203,22,1,0
BRDA:205,23,0,0
BRDA:205,23,1,0
BRDA:208,24,0,0
BRDA:208,24,1,0
BRDA:235,25,0,0
BRDA:235,25,1,0
BRDA:263,26,0,0
BRDA:263,26,1,0
BRDA:263,27,0,0
BRDA:263,27,1,0
BRDA:263,27,2,0
BRDA:287,28,0,0
BRDA:287,28,1,0
BRDA:338,29,0,0
BRDA:338,29,1,0
BRDA:347,30,0,0
BRDA:347,30,1,0
BRDA:352,31,0,0
BRDA:352,31,1,0
BRDA:375,32,0,0
BRDA:375,32,1,0
BRDA:379,33,0,0
BRDA:379,33,1,0
BRDA:383,34,0,0
BRDA:383,34,1,0
BRDA:383,35,0,0
BRDA:383,35,1,0
BRDA:386,36,0,0
BRDA:386,36,1,0
BRDA:390,37,0,0
BRDA:390,37,1,0
BRDA:420,38,0,0
BRDA:420,38,1,0
BRDA:420,39,0,0
BRDA:420,39,1,0
BRDA:430,40,0,0
BRDA:430,40,1,0
BRDA:440,41,0,0
BRDA:440,41,1,0
BRDA:468,42,0,0
BRDA:468,42,1,0
BRF:88
BRH:22
end_of_record
TN:
SF:src\models\Encomienda.js
FNF:0
FNH:0
DA:1,1
DA:3,1
DA:78,1
LF:3
LH:3
BRF:0
BRH:0
end_of_record
TN:
SF:src\models\User.js
FN:28,(anonymous_0)
FN:37,(anonymous_1)
FN:50,(anonymous_2)
FNF:3
FNH:0
FNDA:0,(anonymous_0)
FNDA:0,(anonymous_1)
FNDA:0,(anonymous_2)
DA:1,1
DA:2,1
DA:4,1
DA:29,0
DA:37,1
DA:38,0
DA:40,0
DA:41,0
DA:42,0
DA:43,0
DA:45,0
DA:50,1
DA:51,0
DA:54,1
LF:14
LH:6
BRDA:38,0,0,0
BRDA:38,0,1,0
BRF:2
BRH:0
end_of_record
